[debug] [2024-01-08T10:28:57.020Z] ----------------------------------------------------------------------
[debug] [2024-01-08T10:28:57.022Z] Command:       C:\Program Files\nodejs\node.exe C:\Users\Student\AppData\Roaming\npm\node_modules\firebase-tools\lib\bin\firebase.js init
[debug] [2024-01-08T10:28:57.023Z] CLI Version:   13.0.2
[debug] [2024-01-08T10:28:57.023Z] Platform:      win32
[debug] [2024-01-08T10:28:57.023Z] Node Version:  v20.10.0
[debug] [2024-01-08T10:28:57.023Z] Time:          Mon Jan 08 2024 12:28:57 GMT+0200 (South Africa Standard Time)
[debug] [2024-01-08T10:28:57.023Z] ----------------------------------------------------------------------
[debug] 
[debug] [2024-01-08T10:28:57.030Z] > command requires scopes: ["email","openid","https://www.googleapis.com/auth/cloudplatformprojects.readonly","https://www.googleapis.com/auth/firebase","https://www.googleapis.com/auth/cloud-platform"]
[debug] [2024-01-08T10:28:57.031Z] > authorizing via signed-in user (muttaqeens@gmail.com)
[info] 
     ######## #### ########  ######## ########     ###     ######  ########
     ##        ##  ##     ## ##       ##     ##  ##   ##  ##       ##
     ######    ##  ########  ######   ########  #########  ######  ######
     ##        ##  ##    ##  ##       ##     ## ##     ##       ## ##
     ##       #### ##     ## ######## ########  ##     ##  ######  ########

You're about to initialize a Firebase project in this directory:

  C:\Users\Student\Documents\EOMP\vue_eomp

[debug] [2024-01-08T12:31:23.094Z] ----------------------------------------------------------------------
[debug] [2024-01-08T12:31:23.096Z] Command:       C:\Program Files\nodejs\node.exe C:\Users\Student\AppData\Roaming\npm\node_modules\firebase-tools\lib\bin\firebase.js init
[debug] [2024-01-08T12:31:23.097Z] CLI Version:   13.0.2
[debug] [2024-01-08T12:31:23.097Z] Platform:      win32
[debug] [2024-01-08T12:31:23.097Z] Node Version:  v20.10.0
[debug] [2024-01-08T12:31:23.097Z] Time:          Mon Jan 08 2024 14:31:23 GMT+0200 (South Africa Standard Time)
[debug] [2024-01-08T12:31:23.097Z] ----------------------------------------------------------------------
[debug] 
[debug] [2024-01-08T12:31:23.104Z] > command requires scopes: ["email","openid","https://www.googleapis.com/auth/cloudplatformprojects.readonly","https://www.googleapis.com/auth/firebase","https://www.googleapis.com/auth/cloud-platform"]
[debug] [2024-01-08T12:31:23.104Z] > authorizing via signed-in user (muttaqeens@gmail.com)
[info] 
     ######## #### ########  ######## ########     ###     ######  ########
     ##        ##  ##     ## ##       ##     ##  ##   ##  ##       ##
     ######    ##  ########  ######   ########  #########  ######  ######
     ##        ##  ##    ##  ##       ##     ## ##     ##       ## ##
     ##       #### ##     ## ######## ########  ##     ##  ######  ########

You're about to initialize a Firebase project in this directory:

  C:\Users\Student\Documents\EOMP\vue_eomp

